[     787ms] [WARNING] A preload for 'https://i.pinimg.com/736x/79/51/ea/7951eac3402ea4e4628393f587599f3b.jpg' is found, but is not used because the request credentials mode does not match. Consider taking a look at crossorigin attribute. @ https://kr.pinterest.com/pin/844493675259813/:3366
[    2556ms] [ERROR] Unexpected hydration error Minified React error #418; visit https://react.dev/errors/418?args[]=HTML&args[]= for the full message or use the non-minified dev environment for full errors and additional helpful warnings. 
    at div (<anonymous>)
    at td (https://s.pinimg.com/webapp/gestalt-2abe0a6c81f9d251.mjs:1:54037)
    at al (https://s.pinimg.com/webapp/gestalt-2abe0a6c81f9d251.mjs:6:4113)
    at ai (https://s.pinimg.com/webapp/gestalt-2abe0a6c81f9d251.mjs:6:5048)
    at _O (<anonymous>)
    at _N (https://s.pinimg.com/webapp/www/_client.ko_KR-c971cc35f8f2ac3a.mjs:269:285405)
    at _L (https://s.pinimg.com/webapp/www/_client.ko_KR-c971cc35f8f2ac3a.mjs:269:285544)
    at _E (https://s.pinimg.com/webapp/www/_client.ko_KR-c971cc35f8f2ac3a.mjs:269:281800)
    at o (https://s.pinimg.com/webapp/1863.ko_KR-430a6cc1f0cd3ab4.mjs:1:7525)
    at _b (https://s.pinimg.com/webapp/www/_client.ko_KR-c971cc35f8f2ac3a.mjs:269:281910)
    at div (<anonymous>)
    at td (https://s.pinimg.com/webapp/gestalt-2abe0a6c81f9d251.mjs:1:54037)
    at sn (https://s.pinimg.com/webapp/www/_client.ko_KR-c971cc35f8f2ac3a.mjs:269:14710)
    at sN (https://s.pinimg.com/webapp/www/_client.ko_KR-c971cc35f8f2ac3a.mjs:269:27592)
    at sU (https://s.pinimg.com/webapp/www/_client.ko_KR-c971cc35f8f2ac3a.mjs:269:28343)
    at _ (https://s.pinimg.com/webapp/www/_client.ko_KR-c971cc35f8f2ac3a.mjs:15:11275)
    at div (<anonymous>)
    at td (https://s.pinimg.com/webapp/gestalt-2abe0a6c81f9d251.mjs:1:54037)
    at i (https://s.pinimg.com/webapp/34551.ko_KR-5184a9a8ff58fcb9.mjs:201:50183)
    at k (https://s.pinimg.com/webapp/34551.ko_KR-5184a9a8ff58fcb9.mjs:201:39088)
    at S (https://s.pinimg.com/webapp/34551.ko_KR-5184a9a8ff58fcb9.mjs:201:38438)
    at I (https://s.pinimg.com/webapp/34551.ko_KR-5184a9a8ff58fcb9.mjs:201:44937)
    at n7 (https://s.pinimg.com/webapp/www/_client.ko_KR-c971cc35f8f2ac3a.mjs:269:14226)
    at l (https://s.pinimg.com/webapp/www/_client.ko_KR-c971cc35f8f2ac3a.mjs:218:83719)
    at sj (https://s.pinimg.com/webapp/www/_client.ko_KR-c971cc35f8f2ac3a.mjs:269:32763)
    at ir (https://s.pinimg.com/webapp/www/_client.ko_KR-c971cc35f8f2ac3a.mjs:269:44424)
    at c (https://s.pinimg.com/webapp/www/_client.ko_KR-c971cc35f8f2ac3a.mjs:232:108780)
    at c (https://s.pinimg.com/webapp/www/_client.ko_KR-c971cc35f8f2ac3a.mjs:232:103445)
    at l (https://s.pinimg.com/webapp/www/_client.ko_KR-c971cc35f8f2ac3a.mjs:225:1703)
    at ok (https://s.pinimg.com/webapp/www/_client.ko_KR-c971cc35f8f2ac3a.mjs:269:66599)
    at u (https://s.pinimg.com/webapp/www/_client.ko_KR-c971cc35f8f2ac3a.mjs:232:112592)
    at u (https://s.pinimg.com/webapp/36162-9e686ced24d03c99.mjs:1:83045)
    at v (https://s.pinimg.com/webapp/www/_client.ko_KR-c971cc35f8f2ac3a.mjs:218:59890)
    at o (https://s.pinimg.com/webapp/34551.ko_KR-5184a9a8ff58fcb9.mjs:201:30403)
    at oM (https://s.pinimg.com/webapp/www/_client.ko_KR-c971cc35f8f2ac3a.mjs:269:67570)
    at iZ (https://s.pinimg.com/webapp/www/_client.ko_KR-c971cc35f8f2ac3a.mjs:269:54020)
    at lo (https://s.pinimg.com/webapp/www/_client.ko_KR-c971cc35f8f2ac3a.mjs:269:77172)
    at oS (https://s.pinimg.com/webapp/www/_client.ko_KR-c971cc35f8f2ac3a.mjs:269:64387)
    at u (https://s.pinimg.com/webapp/71247.ko_KR-28cd596bcc804ec4.mjs:28:55765)
    at n (https://s.pinimg.com/webapp/30391.ko_KR-2a1a9b6d372db521.mjs:6:31628)
    at u (https://s.pinimg.com/webapp/www/_client.ko_KR-c971cc35f8f2ac3a.mjs:225:63322)
    at l (https://s.pinimg.com/webapp/www/_client.ko_KR-c971cc35f8f2ac3a.mjs:225:93786)
    at s (https://s.pinimg.com/webapp/30391.ko_KR-2a1a9b6d372db521.mjs:6:32258)
    at l (https://s.pinimg.com/webapp/www/_client.ko_KR-c971cc35f8f2ac3a.mjs:15:6201)
    at l (https://s.pinimg.com/webapp/www/_client.ko_KR-c971cc35f8f2ac3a.mjs:225:95136)
    at u (https://s.pinimg.com/webapp/www/_client.ko_KR-c971cc35f8f2ac3a.mjs:225:58117)
    at p (https://s.pinimg.com/webapp/34551.ko_KR-5184a9a8ff58fcb9.mjs:201:6742)
    at A (https://s.pinimg.com/webapp/www/_client.ko_KR-c971cc35f8f2ac3a.mjs:225:5272)
    at u (https://s.pinimg.com/webapp/www/_client.ko_KR-c971cc35f8f2ac3a.mjs:218:106571)
    at p (https://s.pinimg.com/webapp/www/_client.ko_KR-c971cc35f8f2ac3a.mjs:218:126992)
    at d (https://s.pinimg.com/webapp/www/_client.ko_KR-c971cc35f8f2ac3a.mjs:218:123406)
    at p (https://s.pinimg.com/webapp/www/_client.ko_KR-c971cc35f8f2ac3a.mjs:232:105346)
    at c (https://s.pinimg.com/webapp/www/_client.ko_KR-c971cc35f8f2ac3a.mjs:225:62669)
    at l_ (https://s.pinimg.com/webapp/www/_client.ko_KR-c971cc35f8f2ac3a.mjs:269:77939)
    at h (https://s.pinimg.com/webapp/www/_client.ko_KR-c971cc35f8f2ac3a.mjs:225:71548)
    at p (https://s.pinimg.com/webapp/www/_client.ko_KR-c971cc35f8f2ac3a.mjs:232:150623)
    at d (https://s.pinimg.com/webapp/www/_client.ko_KR-c971cc35f8f2ac3a.mjs:225:69314)
    at c (https://s.pinimg.com/webapp/www/_client.ko_KR-c971cc35f8f2ac3a.mjs:225:60998)
    at og (https://s.pinimg.com/webapp/www/_client.ko_KR-c971cc35f8f2ac3a.mjs:269:63826)
    at ol (https://s.pinimg.com/webapp/www/_client.ko_KR-c971cc35f8f2ac3a.mjs:269:59876)
    at ot (https://s.pinimg.com/webapp/www/_client.ko_KR-c971cc35f8f2ac3a.mjs:269:57011)
    at lv (https://s.pinimg.com/webapp/www/_client.ko_KR-c971cc35f8f2ac3a.mjs:269:79049)
    at l (https://s.pinimg.com/webapp/www/_client.ko_KR-c971cc35f8f2ac3a.mjs:218:125870)
    at k (https://s.pinimg.com/webapp/34551.ko_KR-5184a9a8ff58fcb9.mjs:201:39088)
    at S (https://s.pinimg.com/webapp/34551.ko_KR-5184a9a8ff58fcb9.mjs:201:38438)
    at I (https://s.pinimg.com/webapp/34551.ko_KR-5184a9a8ff58fcb9.mjs:201:44937)
    at _ (https://s.pinimg.com/webapp/www/_client.ko_KR-c971cc35f8f2ac3a.mjs:225:11514)
    at c (https://s.pinimg.com/webapp/www/_client.ko_KR-c971cc35f8f2ac3a.mjs:225:62669)
    at u (https://s.pinimg.com/webapp/www/_client.ko_KR-c971cc35f8f2ac3a.mjs:1:84355)
    at p (https://s.pinimg.com/webapp/34551.ko_KR-5184a9a8ff58fcb9.mjs:201:26693)
    at y (https://s.pinimg.com/webapp/www/_client.ko_KR-c971cc35f8f2ac3a.mjs:1:88943)
    at y (https://s.pinimg.com/webapp/www/_client.ko_KR-c971cc35f8f2ac3a.mjs:1:85151)
    at $ (https://s.pinimg.com/webapp/98309.ko_KR-7969276de3a8db06.mjs:1:1444)
    at c (https://s.pinimg.com/webapp/28937.ko_KR-8ace0228b522d040.mjs:1:11357)
    at h (https://s.pinimg.com/webapp/www/_client.ko_KR-c971cc35f8f2ac3a.mjs:1:124787)
    at u (https://s.pinimg.com/webapp/www/_client.ko_KR-c971cc35f8f2ac3a.mjs:225:59625)
    at d (https://s.pinimg.com/webapp/www/_client.ko_KR-c971cc35f8f2ac3a.mjs:225:70525)
    at _ (https://s.pinimg.com/webapp/www/_client.ko_KR-c971cc35f8f2ac3a.mjs:225:61795)
    at d (https://s.pinimg.com/webapp/www/_client.ko_KR-c971cc35f8f2ac3a.mjs:232:157992)
    at o6 (https://s.pinimg.com/webapp/www/_client.ko_KR-c971cc35f8f2ac3a.mjs:269:76027)
    at d (https://s.pinimg.com/webapp/www/_client.ko_KR-c971cc35f8f2ac3a.mjs:225:69314)
    at d (https://s.pinimg.com/webapp/www/_client.ko_KR-c971cc35f8f2ac3a.mjs:218:123406)
    at o2 (https://s.pinimg.com/webapp/www/_client.ko_KR-c971cc35f8f2ac3a.mjs:269:73191)
    at le (https://s.pinimg.com/webapp/www/_client.ko_KR-c971cc35f8f2ac3a.mjs:269:76312)
    at E (https://s.pinimg.com/webapp/www/_client.ko_KR-c971cc35f8f2ac3a.mjs:218:64036)
    at iT (https://s.pinimg.com/webapp/www/_client.ko_KR-c971cc35f8f2ac3a.mjs:269:49310)
    at iw (https://s.pinimg.com/webapp/www/_client.ko_KR-c971cc35f8f2ac3a.mjs:269:48794)
    at g (https://s.pinimg.com/webapp/www/_client.ko_KR-c971cc35f8f2ac3a.mjs:218:120008)
    at iI (https://s.pinimg.com/webapp/www/_client.ko_KR-c971cc35f8f2ac3a.mjs:269:49561)
    at iJ (https://s.pinimg.com/webapp/www/_client.ko_KR-c971cc35f8f2ac3a.mjs:269:53424)
    at o (https://s.pinimg.com/webapp/1863.ko_KR-430a6cc1f0cd3ab4.mjs:1:7525)
    at lC (https://s.pinimg.com/webapp/www/_client.ko_KR-c971cc35f8f2ac3a.mjs:269:80792)
    at x (https://s.pinimg.com/webapp/71247.ko_KR-28cd596bcc804ec4.mjs:21:6171)
    at eO (https://s.pinimg.com/webapp/www/_client.ko_KR-c971cc35f8f2ac3a.mjs:232:182918)
    at ew (https://s.pinimg.com/webapp/www/_client.ko_KR-c971cc35f8f2ac3a.mjs:232:182302)
    at eZ (https://s.pinimg.com/webapp/71247.ko_KR-28cd596bcc804ec4.mjs:28:31761)
    at l (https://s.pinimg.com/webapp/80662-7f6382bacebd0c30.mjs:2:5315)
    at tB (https://s.pinimg.com/webapp/www/_client.ko_KR-c971cc35f8f2ac3a.mjs:232:200793)
    at tM (https://s.pinimg.com/webapp/www/_client.ko_KR-c971cc35f8f2ac3a.mjs:232:200488)
    at _ (https://s.pinimg.com/webapp/www/_client.ko_KR-c971cc35f8f2ac3a.mjs:225:67821)
    at d (https://s.pinimg.com/webapp/www/_client.ko_KR-c971cc35f8f2ac3a.mjs:225:67350)
    at d (https://s.pinimg.com/webapp/34551.ko_KR-5184a9a8ff58fcb9.mjs:201:27697)
    at m (https://s.pinimg.com/webapp/vendor-react-b9dbe67b2b42272b.mjs:11:9022)
    at h (https://s.pinimg.com/webapp/8155-c42c0a93ff92fb15.mjs:1:10197)
    at c (https://s.pinimg.com/webapp/www/_client.ko_KR-c971cc35f8f2ac3a.mjs:1:154093)
    at c (https://s.pinimg.com/webapp/80662-7f6382bacebd0c30.mjs:2:5628)
    at l0 (https://s.pinimg.com/webapp/gestalt-2abe0a6c81f9d251.mjs:1:210620)
    at eK (https://s.pinimg.com/webapp/www/_client.ko_KR-c971cc35f8f2ac3a.mjs:232:188173)
    at u (https://s.pinimg.com/webapp/71247.ko_KR-28cd596bcc804ec4.mjs:28:54376)
    at p (https://s.pinimg.com/webapp/www/_client.ko_KR-c971cc35f8f2ac3a.mjs:1:153625)
    at lW (https://s.pinimg.com/webapp/gestalt-2abe0a6c81f9d251.mjs:1:207263)
    at c (https://s.pinimg.com/webapp/www/_client.ko_KR-c971cc35f8f2ac3a.mjs:218:13523)
    at iK (https://s.pinimg.com/webapp/gestalt-2abe0a6c81f9d251.mjs:1:249140)
    at t6 (https://s.pinimg.com/webapp/gestalt-2abe0a6c81f9d251.mjs:1:177251)
    at eB (https://s.pinimg.com/webapp/www/_client.ko_KR-c971cc35f8f2ac3a.mjs:232:186996)
    at eV (https://s.pinimg.com/webapp/www/_client.ko_KR-c971cc35f8f2ac3a.mjs:232:187771)
    at iX (https://s.pinimg.com/webapp/gestalt-2abe0a6c81f9d251.mjs:1:248770)
    at eF (https://s.pinimg.com/webapp/www/_client.ko_KR-c971cc35f8f2ac3a.mjs:232:187522)
    at tx (https://s.pinimg.com/webapp/www/_client.ko_KR-c971cc35f8f2ac3a.mjs:232:196666)
    at f (https://s.pinimg.com/webapp/www/_client.ko_KR-c971cc35f8f2ac3a.mjs:1:90908)
    at tk (https://s.pinimg.com/webapp/www/_client.ko_KR-c971cc35f8f2ac3a.mjs:232:198765)
    at tg (https://s.pinimg.com/webapp/www/_client.ko_KR-c971cc35f8f2ac3a.mjs:232:195579)
    at tN (https://s.pinimg.com/webapp/www/_client.ko_KR-c971cc35f8f2ac3a.mjs:232:199107)
    at t (https://s.pinimg.com/webapp/locale-ko_KR-LocaleDataLoader-3248548c740b260f.mjs:1:148)
    at Suspense (<anonymous>)
    at _ (https://s.pinimg.com/webapp/1863.ko_KR-430a6cc1f0cd3ab4.mjs:6:15799)
    at ta (https://s.pinimg.com/webapp/www/_client.ko_KR-c971cc35f8f2ac3a.mjs:232:193114)
    at tD (https://s.pinimg.com/webapp/www/_client.ko_KR-c971cc35f8f2ac3a.mjs:232:199623)
    at tz (https://s.pinimg.com/webapp/www/_client.ko_KR-c971cc35f8f2ac3a.mjs:232:202146)
    at lx (https://s.pinimg.com/webapp/www/_client.ko_KR-c971cc35f8f2ac3a.mjs:269:95904)
    at rootComponent (https://s.pinimg.com/webapp/www/_client.ko_KR-c971cc35f8f2ac3a.mjs:269:326994)
    at _C (https://s.pinimg.com/webapp/www/_client.ko_KR-c971cc35f8f2ac3a.mjs:269:283380)
    at Suspense (<anonymous>)
    at n (https://s.pinimg.com/webapp/48777.ko_KR-2b5054892a563845.mjs:1:13027)
    at _R (https://s.pinimg.com/webapp/www/_client.ko_KR-c971cc35f8f2ac3a.mjs:269:283610)
    at x (https://s.pinimg.com/webapp/vendor-react-b9dbe67b2b42272b.mjs:9:124416)
    at j (https://s.pinimg.com/webapp/vendor-react-b9dbe67b2b42272b.mjs:9:127591)
    at _P (https://s.pinimg.com/webapp/www/_client.ko_KR-c971cc35f8f2ac3a.mjs:269:282773)
    at A (https://s.pinimg.com/webapp/www/_client.ko_KR-c971cc35f8f2ac3a.mjs:269:327851)
    at u (https://s.pinimg.com/webapp/80662-7f6382bacebd0c30.mjs:5:3759)
    at e.exports (https://s.pinimg.com/webapp/vendor-react-b9dbe67b2b42272b.mjs:9:69031)
    at _x (https://s.pinimg.com/webapp/www/_client.ko_KR-c971cc35f8f2ac3a.mjs:269:283861)
    at x (https://s.pinimg.com/webapp/vendor-react-b9dbe67b2b42272b.mjs:9:124416)
    at H (https://s.pinimg.com/webapp/vendor-react-b9dbe67b2b42272b.mjs:9:128353)
    at s (https://s.pinimg.com/webapp/34551.ko_KR-5184a9a8ff58fcb9.mjs:201:50475)
    at _k (https://s.pinimg.com/webapp/www/_client.ko_KR-c971cc35f8f2ac3a.mjs:269:284237)
    at x (https://s.pinimg.com/webapp/vendor-react-b9dbe67b2b42272b.mjs:9:124416)
    at P (https://s.pinimg.com/webapp/vendor-react-b9dbe67b2b42272b.mjs:9:123659)
    at https://s.pinimg.com/webapp/vendor-react-b9dbe67b2b42272b.mjs:9:116192
    at Q (https://s.pinimg.com/webapp/vendor-react-b9dbe67b2b42272b.mjs:9:127722)
    at k (https://s.pinimg.com/webapp/vendor-react-b9dbe67b2b42272b.mjs:9:113391)
    at Suspense (<anonymous>) @ https://s.pinimg.com/webapp/www/_client.ko_KR-c971cc35f8f2ac3a.mjs:268
[    3125ms] [WARNING] A preload for 'https://i.pinimg.com/736x/79/51/ea/7951eac3402ea4e4628393f587599f3b.jpg' is found, but is not used because the request credentials mode does not match. Consider taking a look at crossorigin attribute. @ https://s.pinimg.com/webapp/vendor-react-b9dbe67b2b42272b.mjs:7
[    3142ms] [WARNING] A preload for 'https://i.pinimg.com/736x/79/51/ea/7951eac3402ea4e4628393f587599f3b.jpg' is found, but is not used because the request credentials mode does not match. Consider taking a look at crossorigin attribute. @ https://s.pinimg.com/webapp/vendor-react-b9dbe67b2b42272b.mjs:7
[    3157ms] [ERROR] Failed to load resource: net::ERR_FILE_NOT_FOUND @ blob:https://kr.pinterest.com/d3847145-b8ad-4b7f-8068-dcf0b1511de8:0
[    3421ms] [WARNING] [GSI_LOGGER]: Your client application uses one of the Google One Tap prompt UI status methods that may stop functioning when FedCM becomes mandatory. Refer to the migration guide to update your code accordingly and opt-in to FedCM to test your changes. Learn more: https://developers.google.com/identity/gsi/web/guides/fedcm-migration?s=dc#display_moment and https://developers.google.com/identity/gsi/web/guides/fedcm-migration?s=dc#skipped_moment @ https://accounts.google.com/gsi/client?hl=ko:80
[    3429ms] [ERROR] Not signed in with the identity provider. @ https://kr.pinterest.com/pin/844493675259813/:0
[    3437ms] [ERROR] Failed to load resource: the server responded with a status of 401 () @ https://kr.pinterest.com/resource/ApiResource/get/?source_url=%2Fpin%2F844493675259813%2F&data=%7B%22options%22%3A%7B%22url%22%3A%22%2Fv3%2Fpins%2F%2F%22%2C%22data%22%3A%7B%22fields%22%3A%5B%22pin.images%5B236x%5D%22%2C%22pin.is_unsafe%22%2C%22pin.image_signature%22%5D%7D%7D%2C%22context%22%3A%7B%7D%7D&_=1772862197431:0
[    4357ms] [WARNING] A preload for 'https://i.pinimg.com/736x/79/51/ea/7951eac3402ea4e4628393f587599f3b.jpg' is found, but is not used because the request credentials mode does not match. Consider taking a look at crossorigin attribute. @ https://s.pinimg.com/webapp/vendor-react-b9dbe67b2b42272b.mjs:7
[    4373ms] [WARNING] A preload for 'https://i.pinimg.com/736x/79/51/ea/7951eac3402ea4e4628393f587599f3b.jpg' is found, but is not used because the request credentials mode does not match. Consider taking a look at crossorigin attribute. @ https://s.pinimg.com/webapp/vendor-react-b9dbe67b2b42272b.mjs:7
[    4397ms] [ERROR] Failed to load resource: net::ERR_FILE_NOT_FOUND @ blob:https://kr.pinterest.com/f5c63344-c6ce-41e8-8102-959395e0c223:0
[    4455ms] [WARNING] A preload for 'https://i.pinimg.com/736x/79/51/ea/7951eac3402ea4e4628393f587599f3b.jpg' is found, but is not used because the request credentials mode does not match. Consider taking a look at crossorigin attribute. @ https://s.pinimg.com/webapp/vendor-react-b9dbe67b2b42272b.mjs:7
[    4455ms] [WARNING] A preload for 'https://i.pinimg.com/736x/79/51/ea/7951eac3402ea4e4628393f587599f3b.jpg' is found, but is not used because the request credentials mode does not match. Consider taking a look at crossorigin attribute. @ https://s.pinimg.com/webapp/vendor-react-b9dbe67b2b42272b.mjs:8
[    4461ms] [WARNING] A preload for 'https://i.pinimg.com/736x/79/51/ea/7951eac3402ea4e4628393f587599f3b.jpg' is found, but is not used because the request credentials mode does not match. Consider taking a look at crossorigin attribute. @ https://s.pinimg.com/webapp/vendor-react-b9dbe67b2b42272b.mjs:7
[    4476ms] [WARNING] A preload for 'https://i.pinimg.com/736x/79/51/ea/7951eac3402ea4e4628393f587599f3b.jpg' is found, but is not used because the request credentials mode does not match. Consider taking a look at crossorigin attribute. @ https://s.pinimg.com/webapp/vendor-react-b9dbe67b2b42272b.mjs:7
[    4476ms] [WARNING] A preload for 'https://i.pinimg.com/736x/79/51/ea/7951eac3402ea4e4628393f587599f3b.jpg' is found, but is not used because the request credentials mode does not match. Consider taking a look at crossorigin attribute. @ https://s.pinimg.com/webapp/vendor-react-b9dbe67b2b42272b.mjs:8
[    4486ms] [WARNING] A preload for 'https://i.pinimg.com/736x/79/51/ea/7951eac3402ea4e4628393f587599f3b.jpg' is found, but is not used because the request credentials mode does not match. Consider taking a look at crossorigin attribute. @ https://s.pinimg.com/webapp/vendor-react-b9dbe67b2b42272b.mjs:7
[    4950ms] [ERROR] [GSI_LOGGER]: FedCM get() rejects with NetworkError: Error retrieving a token. @ https://accounts.google.com/gsi/client?hl=ko:81
[    9821ms] The play() request was interrupted by a call to pause(). https://goo.gl/LdLk22
[   15767ms] The play() request was interrupted by a call to pause(). https://goo.gl/LdLk22
[   21740ms] The play() request was interrupted by a call to pause(). https://goo.gl/LdLk22
[   27733ms] The play() request was interrupted by a call to pause(). https://goo.gl/LdLk22
[   33683ms] The play() request was interrupted by a call to pause(). https://goo.gl/LdLk22
[   39650ms] The play() request was interrupted by a call to pause(). https://goo.gl/LdLk22
[   45615ms] The play() request was interrupted by a call to pause(). https://goo.gl/LdLk22
[   51557ms] The play() request was interrupted by a call to pause(). https://goo.gl/LdLk22
[   57523ms] The play() request was interrupted by a call to pause(). https://goo.gl/LdLk22
[   63493ms] The play() request was interrupted by a call to pause(). https://goo.gl/LdLk22
[   69473ms] The play() request was interrupted by a call to pause(). https://goo.gl/LdLk22
[   75422ms] The play() request was interrupted by a call to pause(). https://goo.gl/LdLk22
[   81378ms] The play() request was interrupted by a call to pause(). https://goo.gl/LdLk22
[   87344ms] The play() request was interrupted by a call to pause(). https://goo.gl/LdLk22
[   93298ms] The play() request was interrupted by a call to pause(). https://goo.gl/LdLk22
[   99257ms] The play() request was interrupted by a call to pause(). https://goo.gl/LdLk22
[  105228ms] The play() request was interrupted by a call to pause(). https://goo.gl/LdLk22
[  111231ms] The play() request was interrupted by a call to pause(). https://goo.gl/LdLk22
[  117194ms] The play() request was interrupted by a call to pause(). https://goo.gl/LdLk22
[  123151ms] The play() request was interrupted by a call to pause(). https://goo.gl/LdLk22
[  129114ms] The play() request was interrupted by a call to pause(). https://goo.gl/LdLk22
[  135071ms] The play() request was interrupted by a call to pause(). https://goo.gl/LdLk22
[  141046ms] The play() request was interrupted by a call to pause(). https://goo.gl/LdLk22
[  147022ms] The play() request was interrupted by a call to pause(). https://goo.gl/LdLk22
[  153009ms] The play() request was interrupted by a call to pause(). https://goo.gl/LdLk22
[  158976ms] The play() request was interrupted by a call to pause(). https://goo.gl/LdLk22
[  164927ms] The play() request was interrupted by a call to pause(). https://goo.gl/LdLk22
[  170887ms] The play() request was interrupted by a call to pause(). https://goo.gl/LdLk22
[  176842ms] The play() request was interrupted by a call to pause(). https://goo.gl/LdLk22
[  182827ms] The play() request was interrupted by a call to pause(). https://goo.gl/LdLk22
[  188823ms] The play() request was interrupted by a call to pause(). https://goo.gl/LdLk22
[  194840ms] The play() request was interrupted by a call to pause(). https://goo.gl/LdLk22
[  200837ms] The play() request was interrupted by a call to pause(). https://goo.gl/LdLk22
[  206815ms] The play() request was interrupted by a call to pause(). https://goo.gl/LdLk22
[  212828ms] The play() request was interrupted by a call to pause(). https://goo.gl/LdLk22
[  218840ms] The play() request was interrupted by a call to pause(). https://goo.gl/LdLk22
[  224859ms] The play() request was interrupted by a call to pause(). https://goo.gl/LdLk22
[  230849ms] The play() request was interrupted by a call to pause(). https://goo.gl/LdLk22
[  236885ms] The play() request was interrupted by a call to pause(). https://goo.gl/LdLk22
[  242912ms] The play() request was interrupted by a call to pause(). https://goo.gl/LdLk22
[  248933ms] The play() request was interrupted by a call to pause(). https://goo.gl/LdLk22
[  254949ms] The play() request was interrupted by a call to pause(). https://goo.gl/LdLk22
[  260930ms] The play() request was interrupted by a call to pause(). https://goo.gl/LdLk22
[  266963ms] The play() request was interrupted by a call to pause(). https://goo.gl/LdLk22
[  272968ms] The play() request was interrupted by a call to pause(). https://goo.gl/LdLk22
[  278954ms] The play() request was interrupted by a call to pause(). https://goo.gl/LdLk22
[  284972ms] The play() request was interrupted by a call to pause(). https://goo.gl/LdLk22
[  290990ms] The play() request was interrupted by a call to pause(). https://goo.gl/LdLk22
[  297001ms] The play() request was interrupted by a call to pause(). https://goo.gl/LdLk22
[  303009ms] The play() request was interrupted by a call to pause(). https://goo.gl/LdLk22
[  309020ms] The play() request was interrupted by a call to pause(). https://goo.gl/LdLk22
[  315032ms] The play() request was interrupted by a call to pause(). https://goo.gl/LdLk22
[  321005ms] The play() request was interrupted by a call to pause(). https://goo.gl/LdLk22
[  327033ms] The play() request was interrupted by a call to pause(). https://goo.gl/LdLk22
[  333034ms] The play() request was interrupted by a call to pause(). https://goo.gl/LdLk22
[  339053ms] The play() request was interrupted by a call to pause(). https://goo.gl/LdLk22
[  345067ms] The play() request was interrupted by a call to pause(). https://goo.gl/LdLk22
[  351090ms] The play() request was interrupted by a call to pause(). https://goo.gl/LdLk22
[  357098ms] The play() request was interrupted by a call to pause(). https://goo.gl/LdLk22
[  363089ms] The play() request was interrupted by a call to pause(). https://goo.gl/LdLk22
[  369106ms] The play() request was interrupted by a call to pause(). https://goo.gl/LdLk22
[  375107ms] The play() request was interrupted by a call to pause(). https://goo.gl/LdLk22
[  381128ms] The play() request was interrupted by a call to pause(). https://goo.gl/LdLk22
[  387126ms] The play() request was interrupted by a call to pause(). https://goo.gl/LdLk22
[  393118ms] The play() request was interrupted by a call to pause(). https://goo.gl/LdLk22
[  399109ms] The play() request was interrupted by a call to pause(). https://goo.gl/LdLk22
[  405134ms] The play() request was interrupted by a call to pause(). https://goo.gl/LdLk22
[  411139ms] The play() request was interrupted by a call to pause(). https://goo.gl/LdLk22
[  417151ms] The play() request was interrupted by a call to pause(). https://goo.gl/LdLk22
[  423239ms] The play() request was interrupted by a call to pause(). https://goo.gl/LdLk22
[  429220ms] The play() request was interrupted by a call to pause(). https://goo.gl/LdLk22
[  435227ms] The play() request was interrupted by a call to pause(). https://goo.gl/LdLk22
[  441218ms] The play() request was interrupted by a call to pause(). https://goo.gl/LdLk22
[  447227ms] The play() request was interrupted by a call to pause(). https://goo.gl/LdLk22
[  453233ms] The play() request was interrupted by a call to pause(). https://goo.gl/LdLk22
[  459209ms] The play() request was interrupted by a call to pause(). https://goo.gl/LdLk22
[  465195ms] The play() request was interrupted by a call to pause(). https://goo.gl/LdLk22
[  471199ms] The play() request was interrupted by a call to pause(). https://goo.gl/LdLk22
[  477201ms] The play() request was interrupted by a call to pause(). https://goo.gl/LdLk22
[  483186ms] The play() request was interrupted by a call to pause(). https://goo.gl/LdLk22
[  489208ms] The play() request was interrupted by a call to pause(). https://goo.gl/LdLk22
[  495236ms] The play() request was interrupted by a call to pause(). https://goo.gl/LdLk22
[  501225ms] The play() request was interrupted by a call to pause(). https://goo.gl/LdLk22
[  507216ms] The play() request was interrupted by a call to pause(). https://goo.gl/LdLk22
[  513217ms] The play() request was interrupted by a call to pause(). https://goo.gl/LdLk22
[  519221ms] The play() request was interrupted by a call to pause(). https://goo.gl/LdLk22
[  525224ms] The play() request was interrupted by a call to pause(). https://goo.gl/LdLk22
[  531231ms] The play() request was interrupted by a call to pause(). https://goo.gl/LdLk22
[  537222ms] The play() request was interrupted by a call to pause(). https://goo.gl/LdLk22
[  543152ms] The play() request was interrupted by a call to pause(). https://goo.gl/LdLk22
[  549100ms] The play() request was interrupted by a call to pause(). https://goo.gl/LdLk22
[  555043ms] The play() request was interrupted by a call to pause(). https://goo.gl/LdLk22
[  560996ms] The play() request was interrupted by a call to pause(). https://goo.gl/LdLk22
[  566966ms] The play() request was interrupted by a call to pause(). https://goo.gl/LdLk22
[  572929ms] The play() request was interrupted by a call to pause(). https://goo.gl/LdLk22
[  578885ms] The play() request was interrupted by a call to pause(). https://goo.gl/LdLk22
[  584843ms] The play() request was interrupted by a call to pause(). https://goo.gl/LdLk22
[  590796ms] The play() request was interrupted by a call to pause(). https://goo.gl/LdLk22
[  596779ms] The play() request was interrupted by a call to pause(). https://goo.gl/LdLk22
[  602720ms] The play() request was interrupted by a call to pause(). https://goo.gl/LdLk22
[  608683ms] The play() request was interrupted by a call to pause(). https://goo.gl/LdLk22
[  614619ms] The play() request was interrupted by a call to pause(). https://goo.gl/LdLk22
[  620568ms] The play() request was interrupted by a call to pause(). https://goo.gl/LdLk22
[  626530ms] The play() request was interrupted by a call to pause(). https://goo.gl/LdLk22
[  632487ms] The play() request was interrupted by a call to pause(). https://goo.gl/LdLk22
[  638450ms] The play() request was interrupted by a call to pause(). https://goo.gl/LdLk22
[  644413ms] The play() request was interrupted by a call to pause(). https://goo.gl/LdLk22
[  650362ms] The play() request was interrupted by a call to pause(). https://goo.gl/LdLk22
[  656307ms] The play() request was interrupted by a call to pause(). https://goo.gl/LdLk22
[  662272ms] The play() request was interrupted by a call to pause(). https://goo.gl/LdLk22
[  668218ms] The play() request was interrupted by a call to pause(). https://goo.gl/LdLk22
[  674183ms] The play() request was interrupted by a call to pause(). https://goo.gl/LdLk22
[  680139ms] The play() request was interrupted by a call to pause(). https://goo.gl/LdLk22
[  686105ms] The play() request was interrupted by a call to pause(). https://goo.gl/LdLk22
[  692050ms] The play() request was interrupted by a call to pause(). https://goo.gl/LdLk22
[  698025ms] The play() request was interrupted by a call to pause(). https://goo.gl/LdLk22
[  704009ms] The play() request was interrupted by a call to pause(). https://goo.gl/LdLk22
[  709999ms] The play() request was interrupted by a call to pause(). https://goo.gl/LdLk22
[  715979ms] The play() request was interrupted by a call to pause(). https://goo.gl/LdLk22
[  721928ms] The play() request was interrupted by a call to pause(). https://goo.gl/LdLk22
[  727924ms] The play() request was interrupted by a call to pause(). https://goo.gl/LdLk22
[  733860ms] The play() request was interrupted by a call to pause(). https://goo.gl/LdLk22
[  739818ms] The play() request was interrupted by a call to pause(). https://goo.gl/LdLk22
[  745773ms] The play() request was interrupted by a call to pause(). https://goo.gl/LdLk22
[  751734ms] The play() request was interrupted by a call to pause(). https://goo.gl/LdLk22
[  757711ms] The play() request was interrupted by a call to pause(). https://goo.gl/LdLk22
[  763678ms] The play() request was interrupted by a call to pause(). https://goo.gl/LdLk22
[  769636ms] The play() request was interrupted by a call to pause(). https://goo.gl/LdLk22
[  775592ms] The play() request was interrupted by a call to pause(). https://goo.gl/LdLk22
[  781563ms] The play() request was interrupted by a call to pause(). https://goo.gl/LdLk22
[  787528ms] The play() request was interrupted by a call to pause(). https://goo.gl/LdLk22
[  793513ms] The play() request was interrupted by a call to pause(). https://goo.gl/LdLk22
[  799487ms] The play() request was interrupted by a call to pause(). https://goo.gl/LdLk22
[  805451ms] The play() request was interrupted by a call to pause(). https://goo.gl/LdLk22
[  811423ms] The play() request was interrupted by a call to pause(). https://goo.gl/LdLk22
[  817374ms] The play() request was interrupted by a call to pause(). https://goo.gl/LdLk22
[  823339ms] The play() request was interrupted by a call to pause(). https://goo.gl/LdLk22
[  829286ms] The play() request was interrupted by a call to pause(). https://goo.gl/LdLk22
[  835248ms] The play() request was interrupted by a call to pause(). https://goo.gl/LdLk22
[  841210ms] The play() request was interrupted by a call to pause(). https://goo.gl/LdLk22
[  847164ms] The play() request was interrupted by a call to pause(). https://goo.gl/LdLk22
[  853120ms] The play() request was interrupted by a call to pause(). https://goo.gl/LdLk22
[  859064ms] The play() request was interrupted by a call to pause(). https://goo.gl/LdLk22
[  865025ms] The play() request was interrupted by a call to pause(). https://goo.gl/LdLk22
[  870976ms] The play() request was interrupted by a call to pause(). https://goo.gl/LdLk22
[  876917ms] The play() request was interrupted by a call to pause(). https://goo.gl/LdLk22
[  882887ms] The play() request was interrupted by a call to pause(). https://goo.gl/LdLk22
[  888840ms] The play() request was interrupted by a call to pause(). https://goo.gl/LdLk22
[  894800ms] The play() request was interrupted by a call to pause(). https://goo.gl/LdLk22
[  900747ms] The play() request was interrupted by a call to pause(). https://goo.gl/LdLk22
[  906699ms] The play() request was interrupted by a call to pause(). https://goo.gl/LdLk22
[  912688ms] The play() request was interrupted by a call to pause(). https://goo.gl/LdLk22
[  918638ms] The play() request was interrupted by a call to pause(). https://goo.gl/LdLk22
